# JRE version: OpenJDK Runtime Environment (11.0.10) (build 11.0.10+0-b96-7249189)
# Java VM: OpenJDK 64-Bit Server VM (11.0.10+0-b96-7249189, mixed mode, tiered, compressed oops, g1 gc, windows-amd64)
Heap:
 garbage-first heap   total 165888K, used 93827K [0x0000000080000000, 0x0000000100000000)
  region size 1024K, 11 young (11264K), 3 survivors (3072K)
 Metaspace       used 83557K, capacity 85761K, committed 85888K, reserved 1124352K
  class space    used 10759K, capacity 11493K, committed 11520K, reserved 1048576K
GC Heap History (20 events):
Event: 22.167 GC heap before
{Heap before GC invocations=13 (full 0):
 garbage-first heap   total 138240K, used 105154K [0x0000000080000000, 0x0000000100000000)
  region size 1024K, 59 young (60416K), 5 survivors (5120K)
 Metaspace       used 47381K, capacity 48646K, committed 48844K, reserved 1091584K
  class space    used 6135K, capacity 6618K, committed 6656K, reserved 1048576K
}
Event: 22.191 GC heap after
{Heap after GC invocations=14 (full 0):
 garbage-first heap   total 138240K, used 54189K [0x0000000080000000, 0x0000000100000000)
  region size 1024K, 5 young (5120K), 5 survivors (5120K)
 Metaspace       used 47381K, capacity 48646K, committed 48844K, reserved 1091584K
  class space    used 6135K, capacity 6618K, committed 6656K, reserved 1048576K
}
Event: 24.079 GC heap before
{Heap before GC invocations=14 (full 0):
 garbage-first heap   total 138240K, used 107437K [0x0000000080000000, 0x0000000100000000)
  region size 1024K, 57 young (58368K), 5 survivors (5120K)
 Metaspace       used 50222K, capacity 51669K, committed 51916K, reserved 1093632K
  class space    used 6360K, capacity 6893K, committed 6912K, reserved 1048576K
}
Event: 24.100 GC heap after
{Heap after GC invocations=15 (full 0):
 garbage-first heap   total 165888K, used 56934K [0x0000000080000000, 0x0000000100000000)
  region size 1024K, 6 young (6144K), 6 survivors (6144K)
 Metaspace       used 50222K, capacity 51669K, committed 51916K, reserved 1093632K
  class space    used 6360K, capacity 6893K, committed 6912K, reserved 1048576K
}
Event: 26.348 GC heap before
{Heap before GC invocations=15 (full 0):
 garbage-first heap   total 165888K, used 117350K [0x0000000080000000, 0x0000000100000000)
  region size 1024K, 65 young (66560K), 6 survivors (6144K)
 Metaspace       used 53132K, capacity 54687K, committed 54988K, reserved 1097728K
  class space    used 6840K, capacity 7368K, committed 7424K, reserved 1048576K
}
Event: 26.367 GC heap after
{Heap after GC invocations=16 (full 0):
 garbage-first heap   total 165888K, used 60104K [0x0000000080000000, 0x0000000100000000)
  region size 1024K, 6 young (6144K), 6 survivors (6144K)
 Metaspace       used 53132K, capacity 54687K, committed 54988K, reserved 1097728K
  class space    used 6840K, capacity 7368K, committed 7424K, reserved 1048576K
}
Event: 28.548 GC heap before
{Heap before GC invocations=16 (full 0):
 garbage-first heap   total 165888K, used 105160K [0x0000000080000000, 0x0000000100000000)
  region size 1024K, 51 young (52224K), 6 survivors (6144K)
 Metaspace       used 58498K, capacity 60142K, committed 60288K, reserved 1101824K
  class space    used 7522K, capacity 8115K, committed 8192K, reserved 1048576K
}
Event: 28.588 GC heap after
{Heap after GC invocations=17 (full 0):
 garbage-first heap   total 165888K, used 63477K [0x0000000080000000, 0x0000000100000000)
  region size 1024K, 7 young (7168K), 7 survivors (7168K)
 Metaspace       used 58498K, capacity 60142K, committed 60288K, reserved 1101824K
  class space    used 7522K, capacity 8115K, committed 8192K, reserved 1048576K
}
Event: 34.122 GC heap before
{Heap before GC invocations=18 (full 0):
 garbage-first heap   total 165888K, used 125941K [0x0000000080000000, 0x0000000100000000)
  region size 1024K, 65 young (66560K), 7 survivors (7168K)
 Metaspace       used 64093K, capacity 65892K, committed 66048K, reserved 1105920K
  class space    used 8165K, capacity 8782K, committed 8832K, reserved 1048576K
}
Event: 34.154 GC heap after
{Heap after GC invocations=19 (full 0):
 garbage-first heap   total 165888K, used 74752K [0x0000000080000000, 0x0000000100000000)
  region size 1024K, 9 young (9216K), 9 survivors (9216K)
 Metaspace       used 64093K, capacity 65892K, committed 66048K, reserved 1105920K
  class space    used 8165K, capacity 8782K, committed 8832K, reserved 1048576K
}
Event: 37.261 GC heap before
{Heap before GC invocations=20 (full 0):
 garbage-first heap   total 165888K, used 129024K [0x0000000080000000, 0x0000000100000000)
  region size 1024K, 62 young (63488K), 9 survivors (9216K)
 Metaspace       used 71432K, capacity 73352K, committed 73600K, reserved 1114112K
  class space    used 9028K, capacity 9707K, committed 9728K, reserved 1048576K
}
Event: 37.280 GC heap after
{Heap after GC invocations=21 (full 0):
 garbage-first heap   total 165888K, used 76985K [0x0000000080000000, 0x0000000100000000)
  region size 1024K, 2 young (2048K), 2 survivors (2048K)
 Metaspace       used 71432K, capacity 73352K, committed 73600K, reserved 1114112K
  class space    used 9028K, capacity 9707K, committed 9728K, reserved 1048576K
}
Event: 39.964 GC heap before
{Heap before GC invocations=21 (full 0):
 garbage-first heap   total 165888K, used 130233K [0x0000000080000000, 0x0000000100000000)
  region size 1024K, 55 young (56320K), 2 survivors (2048K)
 Metaspace       used 76474K, capacity 78432K, committed 78592K, reserved 1118208K
  class space    used 9692K, capacity 10367K, committed 10368K, reserved 1048576K
}
Event: 39.984 GC heap after
{Heap after GC invocations=22 (full 0):
 garbage-first heap   total 165888K, used 81075K [0x0000000080000000, 0x0000000100000000)
  region size 1024K, 6 young (6144K), 6 survivors (6144K)
 Metaspace       used 76474K, capacity 78432K, committed 78592K, reserved 1118208K
  class space    used 9692K, capacity 10367K, committed 10368K, reserved 1048576K
}
Event: 40.464 GC heap before
{Heap before GC invocations=23 (full 0):
 garbage-first heap   total 165888K, used 87219K [0x0000000080000000, 0x0000000100000000)
  region size 1024K, 13 young (13312K), 6 survivors (6144K)
 Metaspace       used 77044K, capacity 79009K, committed 79232K, reserved 1118208K
  class space    used 9776K, capacity 10451K, committed 10496K, reserved 1048576K
}
Event: 40.482 GC heap after
{Heap after GC invocations=24 (full 0):
 garbage-first heap   total 165888K, used 82178K [0x0000000080000000, 0x0000000100000000)
  region size 1024K, 2 young (2048K), 2 survivors (2048K)
 Metaspace       used 77044K, capacity 79009K, committed 79232K, reserved 1118208K
  class space    used 9776K, capacity 10451K, committed 10496K, reserved 1048576K
}
Event: 42.440 GC heap before
{Heap before GC invocations=25 (full 0):
 garbage-first heap   total 165888K, used 118018K [0x0000000080000000, 0x0000000100000000)
  region size 1024K, 36 young (36864K), 2 survivors (2048K)
 Metaspace       used 78331K, capacity 80446K, committed 80768K, reserved 1120256K
  class space    used 9935K, capacity 10667K, committed 10752K, reserved 1048576K
}
Event: 42.452 GC heap after
{Heap after GC invocations=26 (full 0):
 garbage-first heap   total 165888K, used 84324K [0x0000000080000000, 0x0000000100000000)
  region size 1024K, 4 young (4096K), 4 survivors (4096K)
 Metaspace       used 78331K, capacity 80446K, committed 80768K, reserved 1120256K
  class space    used 9935K, capacity 10667K, committed 10752K, reserved 1048576K
}
Event: 44.412 GC heap before
{Heap before GC invocations=26 (full 0):
 garbage-first heap   total 165888K, used 121188K [0x0000000080000000, 0x0000000100000000)
  region size 1024K, 40 young (40960K), 4 survivors (4096K)
 Metaspace       used 83041K, capacity 85141K, committed 85376K, reserved 1124352K
  class space    used 10683K, capacity 11396K, committed 11520K, reserved 1048576K
}
Event: 44.428 GC heap after
{Heap after GC invocations=27 (full 0):
 garbage-first heap   total 165888K, used 86659K [0x0000000080000000, 0x0000000100000000)
  region size 1024K, 3 young (3072K), 3 survivors (3072K)
 Metaspace       used 83041K, capacity 85141K, committed 85376K, reserved 1124352K
  class space    used 10683K, capacity 11396K, committed 11520K, reserved 1048576K
}

